# JRE version: OpenJDK Runtime Environment (8.0_242-b01) (build 1.8.0_242-release-1644-b01)
# Java VM: OpenJDK 64-Bit Server VM (25.242-b01 mixed mode windows-amd64 compressed oops)
Heap:
 PSYoungGen      total 465408K, used 84454K [0x00000000e0000000, 0x0000000100000000, 0x0000000100000000)
  eden space 406528K, 16% used [0x00000000e0000000,0x00000000e4128e68,0x00000000f8d00000)
  from space 58880K, 30% used [0x00000000f8d00000,0x00000000f9e50a48,0x00000000fc680000)
  to   space 55296K, 0% used [0x00000000fca00000,0x00000000fca00000,0x0000000100000000)
 ParOldGen       total 342528K, used 187741K [0x00000000a0000000, 0x00000000b4e80000, 0x00000000e0000000)
  object space 342528K, 54% used [0x00000000a0000000,0x00000000ab7576d8,0x00000000b4e80000)
 Metaspace       used 149738K, capacity 158164K, committed 158872K, reserved 1187840K
  class space    used 18925K, capacity 20464K, committed 20656K, reserved 1048576K
GC Heap History (10 events):
Event: 1976.090 GC heap before
{Heap before GC invocations=54 (full 6):
 PSYoungGen      total 492544K, used 460800K [0x00000000e0000000, 0x0000000100000000, 0x0000000100000000)
  eden space 460800K, 100% used [0x00000000e0000000,0x00000000fc200000,0x00000000fc200000)
  from space 31744K, 0% used [0x00000000fc200000,0x00000000fc200000,0x00000000fe100000)
  to   space 31232K, 0% used [0x00000000fe180000,0x00000000fe180000,0x0000000100000000)
 ParOldGen       total 236032K, used 123006K [0x00000000a0000000, 0x00000000ae680000, 0x00000000e0000000)
  object space 236032K, 52% used [0x00000000a0000000,0x00000000a781fa08,0x00000000ae680000)
 Metaspace       used 144609K, capacity 152226K, committed 154392K, reserved 1183744K
  class space    used 18275K, capacity 19698K, committed 20272K, reserved 1048576K
Event: 1976.116 GC heap after
Heap after GC invocations=54 (full 6):
 PSYoungGen      total 489984K, used 6880K [0x00000000e0000000, 0x00000000ffd80000, 0x0000000100000000)
  eden space 461312K, 0% used [0x00000000e0000000,0x00000000e0000000,0x00000000fc280000)
  from space 28672K, 23% used [0x00000000fe180000,0x00000000fe838000,0x00000000ffd80000)
  to   space 30208K, 0% used [0x00000000fc280000,0x00000000fc280000,0x00000000fe000000)
 ParOldGen       total 236032K, used 123006K [0x00000000a0000000, 0x00000000ae680000, 0x00000000e0000000)
  object space 236032K, 52% used [0x00000000a0000000,0x00000000a781fa08,0x00000000ae680000)
 Metaspace       used 144609K, capacity 152226K, committed 154392K, reserved 1183744K
  class space    used 18275K, capacity 19698K, committed 20272K, reserved 1048576K
}
Event: 1982.565 GC heap before
{Heap before GC invocations=55 (full 6):
 PSYoungGen      total 489984K, used 468192K [0x00000000e0000000, 0x00000000ffd80000, 0x0000000100000000)
  eden space 461312K, 100% used [0x00000000e0000000,0x00000000fc280000,0x00000000fc280000)
  from space 28672K, 23% used [0x00000000fe180000,0x00000000fe838000,0x00000000ffd80000)
  to   space 30208K, 0% used [0x00000000fc280000,0x00000000fc280000,0x00000000fe000000)
 ParOldGen       total 236032K, used 123006K [0x00000000a0000000, 0x00000000ae680000, 0x00000000e0000000)
  object space 236032K, 52% used [0x00000000a0000000,0x00000000a781fa08,0x00000000ae680000)
 Metaspace       used 145228K, capacity 152994K, committed 154904K, reserved 1183744K
  class space    used 18335K, capacity 19762K, committed 20272K, reserved 1048576K
Event: 1982.814 GC heap after
Heap after GC invocations=55 (full 6):
 PSYoungGen      total 491520K, used 30177K [0x00000000e0000000, 0x0000000100000000, 0x0000000100000000)
  eden space 461312K, 0% used [0x00000000e0000000,0x00000000e0000000,0x00000000fc280000)
  from space 30208K, 99% used [0x00000000fc280000,0x00000000fdff8748,0x00000000fe000000)
  to   space 32768K, 0% used [0x00000000fe000000,0x00000000fe000000,0x0000000100000000)
 ParOldGen       total 236032K, used 195738K [0x00000000a0000000, 0x00000000ae680000, 0x00000000e0000000)
  object space 236032K, 82% used [0x00000000a0000000,0x00000000abf26b90,0x00000000ae680000)
 Metaspace       used 145228K, capacity 152994K, committed 154904K, reserved 1183744K
  class space    used 18335K, capacity 19762K, committed 20272K, reserved 1048576K
}
Event: 1982.814 GC heap before
{Heap before GC invocations=56 (full 7):
 PSYoungGen      total 491520K, used 30177K [0x00000000e0000000, 0x0000000100000000, 0x0000000100000000)
  eden space 461312K, 0% used [0x00000000e0000000,0x00000000e0000000,0x00000000fc280000)
  from space 30208K, 99% used [0x00000000fc280000,0x00000000fdff8748,0x00000000fe000000)
  to   space 32768K, 0% used [0x00000000fe000000,0x00000000fe000000,0x0000000100000000)
 ParOldGen       total 236032K, used 195738K [0x00000000a0000000, 0x00000000ae680000, 0x00000000e0000000)
  object space 236032K, 82% used [0x00000000a0000000,0x00000000abf26b90,0x00000000ae680000)
 Metaspace       used 145228K, capacity 152994K, committed 154904K, reserved 1183744K
  class space    used 18335K, capacity 19762K, committed 20272K, reserved 1048576K
Event: 1984.170 GC heap after
Heap after GC invocations=56 (full 7):
 PSYoungGen      total 491520K, used 0K [0x00000000e0000000, 0x0000000100000000, 0x0000000100000000)
  eden space 461312K, 0% used [0x00000000e0000000,0x00000000e0000000,0x00000000fc280000)
  from space 30208K, 0% used [0x00000000fc280000,0x00000000fc280000,0x00000000fe000000)
  to   space 32768K, 0% used [0x00000000fe000000,0x00000000fe000000,0x0000000100000000)
 ParOldGen       total 342528K, used 187725K [0x00000000a0000000, 0x00000000b4e80000, 0x00000000e0000000)
  object space 342528K, 54% used [0x00000000a0000000,0x00000000ab7536d8,0x00000000b4e80000)
 Metaspace       used 145212K, capacity 152952K, committed 154904K, reserved 1183744K
  class space    used 18329K, capacity 19751K, committed 20272K, reserved 1048576K
}
Event: 2216.301 GC heap before
{Heap before GC invocations=57 (full 7):
 PSYoungGen      total 491520K, used 461312K [0x00000000e0000000, 0x0000000100000000, 0x0000000100000000)
  eden space 461312K, 100% used [0x00000000e0000000,0x00000000fc280000,0x00000000fc280000)
  from space 30208K, 0% used [0x00000000fc280000,0x00000000fc280000,0x00000000fe000000)
  to   space 32768K, 0% used [0x00000000fe000000,0x00000000fe000000,0x0000000100000000)
 ParOldGen       total 342528K, used 187725K [0x00000000a0000000, 0x00000000b4e80000, 0x00000000e0000000)
  object space 342528K, 54% used [0x00000000a0000000,0x00000000ab7536d8,0x00000000b4e80000)
 Metaspace       used 147205K, capacity 155228K, committed 156568K, reserved 1185792K
  class space    used 18617K, capacity 20096K, committed 20400K, reserved 1048576K
Event: 2216.368 GC heap after
Heap after GC invocations=57 (full 7):
 PSYoungGen      total 439296K, used 14284K [0x00000000e0000000, 0x0000000100000000, 0x0000000100000000)
  eden space 406528K, 0% used [0x00000000e0000000,0x00000000e0000000,0x00000000f8d00000)
  from space 32768K, 43% used [0x00000000fe000000,0x00000000fedf3368,0x0000000100000000)
  to   space 58880K, 0% used [0x00000000f8d00000,0x00000000f8d00000,0x00000000fc680000)
 ParOldGen       total 342528K, used 187733K [0x00000000a0000000, 0x00000000b4e80000, 0x00000000e0000000)
  object space 342528K, 54% used [0x00000000a0000000,0x00000000ab7556d8,0x00000000b4e80000)
 Metaspace       used 147205K, capacity 155228K, committed 156568K, reserved 1185792K
  class space    used 18617K, capacity 20096K, committed 20400K, reserved 1048576K
}
Event: 4600.539 GC heap before
{Heap before GC invocations=58 (full 7):
 PSYoungGen      total 439296K, used 420812K [0x00000000e0000000, 0x0000000100000000, 0x0000000100000000)
  eden space 406528K, 100% used [0x00000000e0000000,0x00000000f8d00000,0x00000000f8d00000)
  from space 32768K, 43% used [0x00000000fe000000,0x00000000fedf3368,0x0000000100000000)
  to   space 58880K, 0% used [0x00000000f8d00000,0x00000000f8d00000,0x00000000fc680000)
 ParOldGen       total 342528K, used 187733K [0x00000000a0000000, 0x00000000b4e80000, 0x00000000e0000000)
  object space 342528K, 54% used [0x00000000a0000000,0x00000000ab7556d8,0x00000000b4e80000)
 Metaspace       used 149648K, capacity 158100K, committed 158616K, reserved 1187840K
  class space    used 18917K, capacity 20464K, committed 20656K, reserved 1048576K
Event: 4600.765 GC heap after
Heap after GC invocations=58 (full 7):
 PSYoungGen      total 465408K, used 17730K [0x00000000e0000000, 0x0000000100000000, 0x0000000100000000)
  eden space 406528K, 0% used [0x00000000e0000000,0x00000000e0000000,0x00000000f8d00000)
  from space 58880K, 30% used [0x00000000f8d00000,0x00000000f9e50a48,0x00000000fc680000)
  to   space 55296K, 0% used [0x00000000fca00000,0x00000000fca00000,0x0000000100000000)
 ParOldGen       total 342528K, used 187741K [0x00000000a0000000, 0x00000000b4e80000, 0x00000000e0000000)
  object space 342528K, 54% used [0x00000000a0000000,0x00000000ab7576d8,0x00000000b4e80000)
 Metaspace       used 149648K, capacity 158100K, committed 158616K, reserved 1187840K
  class space    used 18917K, capacity 20464K, committed 20656K, reserved 1048576K
}

